0 info it worked if it ends with ok
1 verbose cli [ 'C:\\Program Files\\nodejs\\node.exe',
1 verbose cli   'C:\\Program Files\\nodejs\\node_modules\\npm\\bin\\npm-cli.js',
1 verbose cli   'i' ]
2 info using npm@3.10.3
3 info using node@v6.4.0
4 silly loadCurrentTree Starting
5 silly install loadCurrentTree
6 silly install readLocalPackageData
7 silly install normalizeTree
8 silly loadCurrentTree Finishing
9 silly loadIdealTree Starting
10 silly install loadIdealTree
11 silly cloneCurrentTree Starting
12 silly install cloneCurrentTreeToIdealTree
13 silly cloneCurrentTree Finishing
14 silly loadShrinkwrap Starting
15 silly install loadShrinkwrap
16 silly loadShrinkwrap Finishing
17 silly loadAllDepsIntoIdealTree Starting
18 silly install loadAllDepsIntoIdealTree
19 silly fetchOtherPackageData elastislide@git+https://github.com/codrops/Elastislide.git
20 silly cache add args [ 'elastislide@git+https://github.com/codrops/Elastislide.git',
20 silly cache add   null ]
21 verbose cache add spec elastislide@git+https://github.com/codrops/Elastislide.git
22 silly cache add parsed spec Result {
22 silly cache add   raw: 'elastislide@git+https://github.com/codrops/Elastislide.git',
22 silly cache add   scope: null,
22 silly cache add   escapedName: 'elastislide',
22 silly cache add   name: 'elastislide',
22 silly cache add   rawSpec: 'git+https://github.com/codrops/Elastislide.git',
22 silly cache add   spec: 'git+https://github.com/codrops/Elastislide.git',
22 silly cache add   type: 'hosted',
22 silly cache add   hosted:
22 silly cache add    { type: 'github',
22 silly cache add      ssh: 'git@github.com:codrops/Elastislide.git',
22 silly cache add      sshUrl: 'git+ssh://git@github.com/codrops/Elastislide.git',
22 silly cache add      httpsUrl: 'git+https://github.com/codrops/Elastislide.git',
22 silly cache add      gitUrl: 'git://github.com/codrops/Elastislide.git',
22 silly cache add      shortcut: 'github:codrops/Elastislide',
22 silly cache add      directUrl: 'https://raw.githubusercontent.com/codrops/Elastislide/master/package.json' } }
23 verbose addRemoteGit caching git+https://github.com/codrops/Elastislide.git
24 verbose addRemoteGit git+https://github.com/codrops/Elastislide.git is a repository hosted by github
25 silly tryClone cloning git+https://github.com/codrops/Elastislide.git via git+https://github.com/codrops/Elastislide.git
26 verbose tryClone git-https-github-com-codrops-Elastislide-git-f157602d not in flight; caching
27 verbose correctMkdir C:\Users\Макс\AppData\Roaming\npm-cache\_git-remotes correctMkdir not in flight; initializing
28 info git [ 'clone',
28 info git   '--template=C:\\Users\\Макс\\AppData\\Roaming\\npm-cache\\_git-remotes\\_templates',
28 info git   '--mirror',
28 info git   'https://github.com/codrops/Elastislide.git',
28 info git   'C:\\Users\\Макс\\AppData\\Roaming\\npm-cache\\_git-remotes\\git-https-github-com-codrops-Elastislide-git-f157602d' ]
29 verbose mirrorRemote git+https://github.com/codrops/Elastislide.git git clone https://github.com/codrops/Elastislide.git
30 verbose setPermissions git+https://github.com/codrops/Elastislide.git skipping chownr on Windows
31 verbose resolveHead git+https://github.com/codrops/Elastislide.git original treeish: master
32 info git [ 'rev-list', '-n1', 'master' ]
33 silly resolveHead git+https://github.com/codrops/Elastislide.git resolved treeish: 571bab3d7f36cb274a3c5b2b91c90c807b0cad79
34 verbose resolveHead git+https://github.com/codrops/Elastislide.git resolved Git URL: git+https://github.com/codrops/Elastislide.git#571bab3d7f36cb274a3c5b2b91c90c807b0cad79
35 silly resolveHead Git working directory: C:\Temp\npm-6148-e36145fa\git-cache-0926e162\571bab3d7f36cb274a3c5b2b91c90c807b0cad79
36 info git [ 'clone',
36 info git   'C:\\Users\\Макс\\AppData\\Roaming\\npm-cache\\_git-remotes\\git-https-github-com-codrops-Elastislide-git-f157602d',
36 info git   'C:\\Temp\\npm-6148-e36145fa\\git-cache-0926e162\\571bab3d7f36cb274a3c5b2b91c90c807b0cad79' ]
37 verbose cloneResolved git+https://github.com/codrops/Elastislide.git clone Cloning into 'C:\Temp\npm-6148-e36145fa\git-cache-0926e162\571bab3d7f36cb274a3c5b2b91c90c807b0cad79'...
37 verbose cloneResolved done.
38 info git [ 'checkout', '571bab3d7f36cb274a3c5b2b91c90c807b0cad79' ]
39 verbose checkoutTreeish git+https://github.com/codrops/Elastislide.git checkout Note: checking out '571bab3d7f36cb274a3c5b2b91c90c807b0cad79'.
39 verbose checkoutTreeish
39 verbose checkoutTreeish You are in 'detached HEAD' state. You can look around, make experimental
39 verbose checkoutTreeish changes and commit them, and you can discard any commits you make in this
39 verbose checkoutTreeish state without impacting any branches by performing another checkout.
39 verbose checkoutTreeish
39 verbose checkoutTreeish If you want to create a new branch to retain commits you create, you may
39 verbose checkoutTreeish do so (now or later) by using -b with the checkout command again. Example:
39 verbose checkoutTreeish
39 verbose checkoutTreeish   git checkout -b <new-branch-name>
39 verbose checkoutTreeish
39 verbose checkoutTreeish HEAD is now at 571bab3... Merge pull request #39 from jorgepinon/master
40 info git [ 'submodule', '-q', 'update', '--init', '--recursive' ]
41 verbose updateSubmodules git+https://github.com/codrops/Elastislide.git submodule update
42 error addLocal Could not install C:\Temp\npm-6148-e36145fa\git-cache-0926e162\571bab3d7f36cb274a3c5b2b91c90c807b0cad79
43 silly fetchPackageMetaData Error: EISDIR: illegal operation on a directory, read
43 silly fetchPackageMetaData     at Error (native)
43 silly fetchPackageMetaData  error for elastislide@git+https://github.com/codrops/Elastislide.git { Error: EISDIR: illegal operation on a directory, read
43 silly fetchPackageMetaData     at Error (native) errno: -4068, code: 'EISDIR', syscall: 'read' }
44 silly rollbackFailedOptional Starting
45 silly rollbackFailedOptional Finishing
46 silly runTopLevelLifecycles Starting
47 silly runTopLevelLifecycles Finishing
48 silly install printInstalled
49 verbose stack Error: EISDIR: illegal operation on a directory, read
49 verbose stack     at Error (native)
50 verbose cwd C:\Users\Макс\WebstormProjects\bootstrap1
51 error Windows_NT 6.1.7601
52 error argv "C:\\Program Files\\nodejs\\node.exe" "C:\\Program Files\\nodejs\\node_modules\\npm\\bin\\npm-cli.js" "i"
53 error node v6.4.0
54 error npm  v3.10.3
55 error code EISDIR
56 error errno -4068
57 error syscall read
58 error eisdir EISDIR: illegal operation on a directory, read
59 error eisdir This is most likely not a problem with npm itself
59 error eisdir and is related to npm not being able to find a package.json in
59 error eisdir a package you are trying to install.
60 verbose exit [ -4068, true ]
